{"C:\\Users\\Usuario\\Documents\\Projetos\\NWL Return - Widget\\server\\src\\useCases\\submitFeedbackUseCase.ts": {"path":"C:\\Users\\Usuario\\Documents\\Projetos\\NWL Return - Widget\\server\\src\\useCases\\submitFeedbackUseCase.ts","all":false,"statementMap":{"0":{"start":{"line":1,"column":0},"end":{"line":1,"column":74}},"1":{"start":{"line":2,"column":0},"end":{"line":2,"column":54}},"2":{"start":{"line":3,"column":0},"end":{"line":3,"column":0}},"3":{"start":{"line":4,"column":0},"end":{"line":4,"column":40}},"4":{"start":{"line":5,"column":0},"end":{"line":5,"column":14}},"5":{"start":{"line":6,"column":0},"end":{"line":6,"column":17}},"6":{"start":{"line":7,"column":0},"end":{"line":7,"column":21}},"7":{"start":{"line":8,"column":0},"end":{"line":8,"column":1}},"8":{"start":{"line":9,"column":0},"end":{"line":9,"column":0}},"9":{"start":{"line":10,"column":0},"end":{"line":10,"column":36}},"10":{"start":{"line":11,"column":0},"end":{"line":11,"column":13}},"11":{"start":{"line":12,"column":0},"end":{"line":12,"column":51}},"12":{"start":{"line":13,"column":0},"end":{"line":13,"column":34}},"13":{"start":{"line":14,"column":0},"end":{"line":14,"column":5}},"14":{"start":{"line":15,"column":0},"end":{"line":15,"column":55}},"15":{"start":{"line":16,"column":0},"end":{"line":16,"column":48}},"16":{"start":{"line":17,"column":0},"end":{"line":17,"column":0}},"17":{"start":{"line":18,"column":0},"end":{"line":18,"column":50}},"18":{"start":{"line":19,"column":0},"end":{"line":19,"column":56}},"19":{"start":{"line":20,"column":0},"end":{"line":20,"column":68}},"20":{"start":{"line":21,"column":0},"end":{"line":21,"column":49}},"21":{"start":{"line":22,"column":0},"end":{"line":22,"column":0}},"22":{"start":{"line":23,"column":0},"end":{"line":23,"column":41}},"23":{"start":{"line":24,"column":0},"end":{"line":24,"column":8}},"24":{"start":{"line":25,"column":0},"end":{"line":25,"column":11}},"25":{"start":{"line":26,"column":0},"end":{"line":26,"column":14}},"26":{"start":{"line":27,"column":0},"end":{"line":27,"column":5}},"27":{"start":{"line":28,"column":0},"end":{"line":28,"column":35}},"28":{"start":{"line":29,"column":0},"end":{"line":29,"column":28}},"29":{"start":{"line":30,"column":0},"end":{"line":30,"column":10}},"30":{"start":{"line":31,"column":0},"end":{"line":31,"column":76}},"31":{"start":{"line":32,"column":0},"end":{"line":32,"column":39}},"32":{"start":{"line":33,"column":0},"end":{"line":33,"column":36}},"33":{"start":{"line":34,"column":0},"end":{"line":34,"column":15}},"34":{"start":{"line":35,"column":0},"end":{"line":35,"column":9}},"35":{"start":{"line":36,"column":0},"end":{"line":36,"column":83}},"36":{"start":{"line":37,"column":0},"end":{"line":37,"column":13}},"37":{"start":{"line":38,"column":0},"end":{"line":38,"column":14}},"38":{"start":{"line":39,"column":0},"end":{"line":39,"column":5}},"39":{"start":{"line":40,"column":0},"end":{"line":40,"column":2}},"40":{"start":{"line":41,"column":0},"end":{"line":41,"column":1}}},"s":{"0":1,"1":1,"2":1,"3":1,"4":1,"5":1,"6":1,"7":1,"8":1,"9":1,"10":1,"11":1,"12":1,"13":1,"14":1,"15":5,"16":5,"17":5,"18":5,"19":5,"20":5,"21":2,"22":2,"23":2,"24":2,"25":2,"26":2,"27":2,"28":2,"29":2,"30":2,"31":2,"32":2,"33":2,"34":1,"35":5,"36":5,"37":5,"38":5,"39":2,"40":1},"branchMap":{"0":{"type":"branch","line":15,"loc":{"start":{"line":15,"column":1},"end":{"line":40,"column":2}},"locations":[{"start":{"line":15,"column":1},"end":{"line":40,"column":2}}]},"1":{"type":"branch","line":18,"loc":{"start":{"line":18,"column":13},"end":{"line":18,"column":50}},"locations":[{"start":{"line":18,"column":13},"end":{"line":18,"column":50}}]},"2":{"type":"branch","line":19,"loc":{"start":{"line":19,"column":-2},"end":{"line":19,"column":16}},"locations":[{"start":{"line":19,"column":-2},"end":{"line":19,"column":16}}]},"3":{"type":"branch","line":19,"loc":{"start":{"line":19,"column":16},"end":{"line":19,"column":56}},"locations":[{"start":{"line":19,"column":16},"end":{"line":19,"column":56}}]},"4":{"type":"branch","line":20,"loc":{"start":{"line":20,"column":-2},"end":{"line":20,"column":20}},"locations":[{"start":{"line":20,"column":-2},"end":{"line":20,"column":20}}]},"5":{"type":"branch","line":20,"loc":{"start":{"line":20,"column":16},"end":{"line":20,"column":67}},"locations":[{"start":{"line":20,"column":16},"end":{"line":20,"column":67}}]},"6":{"type":"branch","line":21,"loc":{"start":{"line":21,"column":3},"end":{"line":21,"column":49}},"locations":[{"start":{"line":21,"column":3},"end":{"line":21,"column":49}}]},"7":{"type":"branch","line":22,"loc":{"start":{"line":22,"column":-2},"end":{"line":34,"column":15}},"locations":[{"start":{"line":22,"column":-2},"end":{"line":34,"column":15}}]},"8":{"type":"branch","line":35,"loc":{"start":{"line":35,"column":-2},"end":{"line":35,"column":9}},"locations":[{"start":{"line":35,"column":-2},"end":{"line":35,"column":9}}]},"9":{"type":"branch","line":36,"loc":{"start":{"line":36,"column":-2},"end":{"line":36,"column":82}},"locations":[{"start":{"line":36,"column":-2},"end":{"line":36,"column":82}}]},"10":{"type":"branch","line":40,"loc":{"start":{"line":40,"column":-2},"end":{"line":40,"column":2}},"locations":[{"start":{"line":40,"column":-2},"end":{"line":40,"column":2}}]},"11":{"type":"branch","line":11,"loc":{"start":{"line":11,"column":1},"end":{"line":14,"column":5}},"locations":[{"start":{"line":11,"column":1},"end":{"line":14,"column":5}}]}},"b":{"0":[5],"1":[1],"2":[4],"3":[1],"4":[3],"5":[2],"6":[1],"7":[2],"8":[1],"9":[1],"10":[2],"11":[1]},"fnMap":{"0":{"name":"execute","decl":{"start":{"line":15,"column":1},"end":{"line":40,"column":2}},"loc":{"start":{"line":15,"column":1},"end":{"line":40,"column":2}},"line":15},"1":{"name":"SubmitFeedbackUseCase","decl":{"start":{"line":11,"column":1},"end":{"line":14,"column":5}},"loc":{"start":{"line":11,"column":1},"end":{"line":14,"column":5}},"line":11}},"f":{"0":5,"1":1}}
}
